<?xml version="1.0" encoding="UTF-8"?>
<!-- Generated by org.testng.reporters.JUnitXMLReporter -->
<testsuite ignored="0" hostname="DESKTOP-KT46ULE" failures="0" tests="14" name="Default test" time="2.024" errors="0" timestamp="2025-08-21T18:07:26 IST">
  <testcase classname="campaignTestPractice.MutilpleSetOfDataUsingDataProvider" name="login" time="0.017"/>
  <testcase classname="campaignTestPractice.MutilpleSetOfDataUsingDataProvider" name="login" time="0.005"/>
  <testcase classname="campaignTestPractice.MutilpleSetOfDataUsingDataProvider" name="login" time="0.002"/>
  <testcase classname="campaignTestPractice.MutilpleSetOfDataUsingDataProvider" name="login" time="0.003"/>
  <testcase classname="campaignTestPractice.MutilpleSetOfDataUsingDataProvider" name="login" time="0.005"/>
  <testcase classname="campaignTestPractice.MutilpleSetOfDataUsingDataProvider" name="login" time="0.004"/>
  <testcase classname="campaignTestPractice.MutilpleSetOfDataUsingDataProvider" name="login" time="0.002"/>
  <testcase classname="campaignTestPractice.MutilpleSetOfDataUsingDataProvider" name="login" time="0.003"/>
  <testcase classname="campaignTestPractice.MutilpleSetOfDataUsingDataProvider" name="login" time="0.008"/>
  <testcase classname="campaignTestPractice.MutilpleSetOfDataUsingDataProvider" name="login" time="0.003"/>
  <testcase classname="campaignTestPractice.MutilpleSetOfDataUsingDataProvider" name="login" time="0.001"/>
  <testcase classname="campaignTestPractice.MutilpleSetOfDataUsingDataProvider" name="login" time="0.003"/>
  <testcase classname="campaignTestPractice.MutilpleSetOfDataUsingDataProvider" name="login" time="0.006"/>
  <testcase classname="campaignTestPractice.MutilpleSetOfDataUsingDataProvider" name="login" time="0.001"/>
</testsuite> <!-- Default test -->
