<?xml version="1.0" encoding="UTF-8"?>
<testng-results ignored="0" total="14" passed="14" failed="0" skipped="0">
  <reporter-output>
  </reporter-output>
  <suite started-at="2025-08-21T18:07:24 IST" name="Default suite" finished-at="2025-08-21T18:07:26 IST" duration-ms="2024">
    <groups>
    </groups>
    <test started-at="2025-08-21T18:07:24 IST" name="Default test" finished-at="2025-08-21T18:07:26 IST" duration-ms="2024">
      <class name="campaignTestPractice.MutilpleSetOfDataUsingDataProvider">
        <test-method signature="login(java.lang.String,java.lang.String)[pri:0, instance:campaignTestPractice.MutilpleSetOfDataUsingDataProvider@765d7657]" started-at="2025-08-21T18:07:26 IST" name="login" data-provider="loginDetails" finished-at="2025-08-21T18:07:26 IST" duration-ms="17" status="PASS">
          <params>
            <param index="0">
              <value>
                <![CDATA[iPhone_1]]>
              </value>
            </param>
            <param index="1">
              <value>
                <![CDATA[2326]]>
              </value>
            </param>
          </params>
          <reporter-output>
          </reporter-output>
        </test-method> <!-- login -->
        <test-method signature="login(java.lang.String,java.lang.String)[pri:0, instance:campaignTestPractice.MutilpleSetOfDataUsingDataProvider@765d7657]" started-at="2025-08-21T18:07:26 IST" name="login" data-provider="loginDetails" finished-at="2025-08-21T18:07:26 IST" duration-ms="5" status="PASS">
          <params>
            <param index="0">
              <value>
                <![CDATA[iPhone_2]]>
              </value>
            </param>
            <param index="1">
              <value>
                <![CDATA[2327]]>
              </value>
            </param>
          </params>
          <reporter-output>
          </reporter-output>
        </test-method> <!-- login -->
        <test-method signature="login(java.lang.String,java.lang.String)[pri:0, instance:campaignTestPractice.MutilpleSetOfDataUsingDataProvider@765d7657]" started-at="2025-08-21T18:07:26 IST" name="login" data-provider="loginDetails" finished-at="2025-08-21T18:07:26 IST" duration-ms="2" status="PASS">
          <params>
            <param index="0">
              <value>
                <![CDATA[iPhone_3]]>
              </value>
            </param>
            <param index="1">
              <value>
                <![CDATA[2328]]>
              </value>
            </param>
          </params>
          <reporter-output>
          </reporter-output>
        </test-method> <!-- login -->
        <test-method signature="login(java.lang.String,java.lang.String)[pri:0, instance:campaignTestPractice.MutilpleSetOfDataUsingDataProvider@765d7657]" started-at="2025-08-21T18:07:26 IST" name="login" data-provider="loginDetails" finished-at="2025-08-21T18:07:26 IST" duration-ms="3" status="PASS">
          <params>
            <param index="0">
              <value>
                <![CDATA[iPhone_4]]>
              </value>
            </param>
            <param index="1">
              <value>
                <![CDATA[2329]]>
              </value>
            </param>
          </params>
          <reporter-output>
          </reporter-output>
        </test-method> <!-- login -->
        <test-method signature="login(java.lang.String,java.lang.String)[pri:0, instance:campaignTestPractice.MutilpleSetOfDataUsingDataProvider@765d7657]" started-at="2025-08-21T18:07:26 IST" name="login" data-provider="loginDetails" finished-at="2025-08-21T18:07:26 IST" duration-ms="5" status="PASS">
          <params>
            <param index="0">
              <value>
                <![CDATA[iPhone_5]]>
              </value>
            </param>
            <param index="1">
              <value>
                <![CDATA[2330]]>
              </value>
            </param>
          </params>
          <reporter-output>
          </reporter-output>
        </test-method> <!-- login -->
        <test-method signature="login(java.lang.String,java.lang.String)[pri:0, instance:campaignTestPractice.MutilpleSetOfDataUsingDataProvider@765d7657]" started-at="2025-08-21T18:07:26 IST" name="login" data-provider="loginDetails" finished-at="2025-08-21T18:07:26 IST" duration-ms="4" status="PASS">
          <params>
            <param index="0">
              <value>
                <![CDATA[iPhone_6]]>
              </value>
            </param>
            <param index="1">
              <value>
                <![CDATA[2331]]>
              </value>
            </param>
          </params>
          <reporter-output>
          </reporter-output>
        </test-method> <!-- login -->
        <test-method signature="login(java.lang.String,java.lang.String)[pri:0, instance:campaignTestPractice.MutilpleSetOfDataUsingDataProvider@765d7657]" started-at="2025-08-21T18:07:26 IST" name="login" data-provider="loginDetails" finished-at="2025-08-21T18:07:26 IST" duration-ms="2" status="PASS">
          <params>
            <param index="0">
              <value>
                <![CDATA[iPhone_7]]>
              </value>
            </param>
            <param index="1">
              <value>
                <![CDATA[2332]]>
              </value>
            </param>
          </params>
          <reporter-output>
          </reporter-output>
        </test-method> <!-- login -->
        <test-method signature="login(java.lang.String,java.lang.String)[pri:0, instance:campaignTestPractice.MutilpleSetOfDataUsingDataProvider@765d7657]" started-at="2025-08-21T18:07:26 IST" name="login" data-provider="loginDetails" finished-at="2025-08-21T18:07:26 IST" duration-ms="3" status="PASS">
          <params>
            <param index="0">
              <value>
                <![CDATA[iPhone_8]]>
              </value>
            </param>
            <param index="1">
              <value>
                <![CDATA[2333]]>
              </value>
            </param>
          </params>
          <reporter-output>
          </reporter-output>
        </test-method> <!-- login -->
        <test-method signature="login(java.lang.String,java.lang.String)[pri:0, instance:campaignTestPractice.MutilpleSetOfDataUsingDataProvider@765d7657]" started-at="2025-08-21T18:07:26 IST" name="login" data-provider="loginDetails" finished-at="2025-08-21T18:07:26 IST" duration-ms="8" status="PASS">
          <params>
            <param index="0">
              <value>
                <![CDATA[iPhone_9]]>
              </value>
            </param>
            <param index="1">
              <value>
                <![CDATA[2334]]>
              </value>
            </param>
          </params>
          <reporter-output>
          </reporter-output>
        </test-method> <!-- login -->
        <test-method signature="login(java.lang.String,java.lang.String)[pri:0, instance:campaignTestPractice.MutilpleSetOfDataUsingDataProvider@765d7657]" started-at="2025-08-21T18:07:26 IST" name="login" data-provider="loginDetails" finished-at="2025-08-21T18:07:26 IST" duration-ms="3" status="PASS">
          <params>
            <param index="0">
              <value>
                <![CDATA[iPhone_10]]>
              </value>
            </param>
            <param index="1">
              <value>
                <![CDATA[2335]]>
              </value>
            </param>
          </params>
          <reporter-output>
          </reporter-output>
        </test-method> <!-- login -->
        <test-method signature="login(java.lang.String,java.lang.String)[pri:0, instance:campaignTestPractice.MutilpleSetOfDataUsingDataProvider@765d7657]" started-at="2025-08-21T18:07:26 IST" name="login" data-provider="loginDetails" finished-at="2025-08-21T18:07:26 IST" duration-ms="1" status="PASS">
          <params>
            <param index="0">
              <value>
                <![CDATA[iPhone_11]]>
              </value>
            </param>
            <param index="1">
              <value>
                <![CDATA[2336]]>
              </value>
            </param>
          </params>
          <reporter-output>
          </reporter-output>
        </test-method> <!-- login -->
        <test-method signature="login(java.lang.String,java.lang.String)[pri:0, instance:campaignTestPractice.MutilpleSetOfDataUsingDataProvider@765d7657]" started-at="2025-08-21T18:07:26 IST" name="login" data-provider="loginDetails" finished-at="2025-08-21T18:07:26 IST" duration-ms="3" status="PASS">
          <params>
            <param index="0">
              <value>
                <![CDATA[iPhone_12]]>
              </value>
            </param>
            <param index="1">
              <value>
                <![CDATA[2337]]>
              </value>
            </param>
          </params>
          <reporter-output>
          </reporter-output>
        </test-method> <!-- login -->
        <test-method signature="login(java.lang.String,java.lang.String)[pri:0, instance:campaignTestPractice.MutilpleSetOfDataUsingDataProvider@765d7657]" started-at="2025-08-21T18:07:26 IST" name="login" data-provider="loginDetails" finished-at="2025-08-21T18:07:26 IST" duration-ms="6" status="PASS">
          <params>
            <param index="0">
              <value>
                <![CDATA[iPhone_13]]>
              </value>
            </param>
            <param index="1">
              <value>
                <![CDATA[2338]]>
              </value>
            </param>
          </params>
          <reporter-output>
          </reporter-output>
        </test-method> <!-- login -->
        <test-method signature="login(java.lang.String,java.lang.String)[pri:0, instance:campaignTestPractice.MutilpleSetOfDataUsingDataProvider@765d7657]" started-at="2025-08-21T18:07:26 IST" name="login" data-provider="loginDetails" finished-at="2025-08-21T18:07:26 IST" duration-ms="1" status="PASS">
          <params>
            <param index="0">
              <value>
                <![CDATA[iPhone_14]]>
              </value>
            </param>
            <param index="1">
              <value>
                <![CDATA[2339]]>
              </value>
            </param>
          </params>
          <reporter-output>
          </reporter-output>
        </test-method> <!-- login -->
      </class> <!-- campaignTestPractice.MutilpleSetOfDataUsingDataProvider -->
    </test> <!-- Default test -->
  </suite> <!-- Default suite -->
</testng-results>
